Job starts: Tue Jul  9 15:03:16 EDT 2019
Hostname: c99-02

                            < M A T L A B (R) >
                  Copyright 1984-2016 The MathWorks, Inc.
                   R2016b (9.1.0.441655) 64-bit (glnxa64)
                             September 7, 2016

 
To get started, type one of these: helpwin, helpdesk, or demo.
For product information, visit www.mathworks.com.
 
    ----------------------------------------------------
	Your MATLAB license will expire in 21 days.
	Please contact your system administrator or
	MathWorks to renew this license.
    ----------------------------------------------------
>> DEBUG: iii[0]=0: 0.0333333 0.177828 0 0.00923279 0.255326 0.952361 0.300633 0.1 0.263749 0.0994349 0.226307 
DEBUG: iii[1]=1: 0.1 0.177828 0.1 0.0807272 0.276707 0.94291 0.309854 0.3 0.28866 0.688549 0.658692 
DEBUG: iii[2]=2: 0.1 0.177828 0.1 0.0807272 0.276707 0.94291 0.309854 0.3 0.28866 0.688549 0.658692 
Unexpected problem. New parcel has no points -- perhaps dataset contains duplicate points? -- original size = 653.

T = 

  string

    "mmmnrss000000oteoaaafmttcccsssmaltxxxpsdd123123ibiacemscoo      nacsulo uff      ari rod rRZ      n t vnB v        t i agi a        n e tan t        f s utv u        p   ri  r        s   eo  e            sn  s             s     "


i =

     4



Time: 09-Jul-2019 15:03:45
Matlab error: Index exceeds matrix dimensions.
Job ends: Tue Jul  9 15:03:49 EDT 2019
