Job starts: Tue Jul  9 12:39:01 EDT 2019
Hostname: c99-01

                            < M A T L A B (R) >
                  Copyright 1984-2016 The MathWorks, Inc.
                   R2016b (9.1.0.441655) 64-bit (glnxa64)
                             September 7, 2016

 
To get started, type one of these: helpwin, helpdesk, or demo.
For product information, visit www.mathworks.com.
 
    ----------------------------------------------------
	Your MATLAB license will expire in 21 days.
	Please contact your system administrator or
	MathWorks to renew this license.
    ----------------------------------------------------
>> 
LUPdecompose(): ERROR: A singular matrix is supplied.
	Refusing to proceed any further.
Unable to invert matrix. This may be due to the fact that you have duplicate events. Contact Jeremy if this is not the case, or if you would prefer the program to continue in this case. Aborting.

------------------------------------------------------------------------
              abort() detected at Tue Jul  9 12:39:16 2019
------------------------------------------------------------------------

Configuration:
  Crash Decoding      : Disabled - No sandbox or build area path
  Crash Mode          : continue (default)
  Current Graphics Driver: Unknown software 
  Current Visual      : None
  Default Encoding    : UTF-8
  Deployed            : false
  GNU C Library       : 2.17 stable
  Host Name           : c99-01
  MATLAB Architecture : glnxa64
  MATLAB Entitlement ID: 1144772
  MATLAB Root         : /share/apps/matlab/2016b
  MATLAB Version      : 9.1.0.441655 (R2016b)
  OpenGL              : software
  Operating System    : Linux 3.10.0-514.10.2.el7.x86_64 #1 SMP Fri Mar 3 00:04:05 UTC 2017 x86_64
  Processor ID        : x86 Family 6 Model 63 Stepping 2, GenuineIntel
  Virtual Machine     : Java 1.7.0_60-b19 with Oracle Corporation Java HotSpot(TM) 64-Bit Server VM mixed mode
  Window System       : No active display

Fault Count: 1


Abnormal termination:
abort()

Register State (from fault):
  RAX = 0000000000000000  RBX = 0000000000000009
  RCX = ffffffffffffffff  RDX = 0000000000000006
  RSP = 00002b182bffc428  RBP = 00002b182bffc630
  RSI = 000000000001ce4a  RDI = 000000000001ce1a

   R8 = 74206e692065756e   R9 = 6573616320736968
  R10 = 0000000000000008  R11 = 0000000000000202
  R12 = 00002b1893b346e0  R13 = 0000000000000051
  R14 = 00002b1893aa980c  R15 = 00002b1893aafe90

  RIP = 00002b1801769277  EFL = 0000000000000202

   CS = 0033   FS = 0000   GS = 0000

Stack Trace (from fault):
[  0] 0x00002b1801769277                                   /lib64/libc.so.6+00221815 gsignal+00000055
[  1] 0x00002b180176a968                                   /lib64/libc.so.6+00227688 abort+00000328
[  2] 0x00002b18a703fa8a /home/nh1716/smallCode/IsoSplits/isosplit5/matlab/isosplit5_mex.mexa64+00014986
[  3] 0x00002b18a70424e8 /home/nh1716/smallCode/IsoSplits/isosplit5/matlab/isosplit5_mex.mexa64+00025832
[  4] 0x00002b18a7043022 /home/nh1716/smallCode/IsoSplits/isosplit5/matlab/isosplit5_mex.mexa64+00028706
[  5] 0x00002b18a7043c65 /home/nh1716/smallCode/IsoSplits/isosplit5/matlab/isosplit5_mex.mexa64+00031845
[  6] 0x00002b18a703d0c0 /home/nh1716/smallCode/IsoSplits/isosplit5/matlab/isosplit5_mex.mexa64+00004288 mexFunction+00000288
[  7] 0x00002b1815b93caa     /share/apps/matlab/2016b/bin/glnxa64/libmex.so+00175274 mexRunMexFile+00000106
[  8] 0x00002b1815b8c1a3     /share/apps/matlab/2016b/bin/glnxa64/libmex.so+00143779
[  9] 0x00002b1815b8d345     /share/apps/matlab/2016b/bin/glnxa64/libmex.so+00148293
[ 10] 0x00002b18168f98a3 /share/apps/matlab/2016b/bin/glnxa64/libmwm_dispatcher.so+00768163 _ZN8Mfh_file16dispatch_fh_implEMS_FviPP11mxArray_tagiS2_EiS2_iS2_+00000947
[ 11] 0x00002b18168fa16e /share/apps/matlab/2016b/bin/glnxa64/libmwm_dispatcher.so+00770414 _ZN8Mfh_file11dispatch_fhEiPP11mxArray_tagiS2_+00000030
[ 12] 0x00002b181904c847 /share/apps/matlab/2016b/bin/glnxa64/libmwm_lxe.so+11675719
[ 13] 0x00002b181904caab /share/apps/matlab/2016b/bin/glnxa64/libmwm_lxe.so+11676331
[ 14] 0x00002b18190b2411 /share/apps/matlab/2016b/bin/glnxa64/libmwm_lxe.so+12092433
[ 15] 0x00002b18189d8930 /share/apps/matlab/2016b/bin/glnxa64/libmwm_lxe.so+04909360
[ 16] 0x00002b18189dac3c /share/apps/matlab/2016b/bin/glnxa64/libmwm_lxe.so+04918332
[ 17] 0x00002b18189d7410 /share/apps/matlab/2016b/bin/glnxa64/libmwm_lxe.so+04903952
[ 18] 0x00002b18189d2855 /share/apps/matlab/2016b/bin/glnxa64/libmwm_lxe.so+04884565
[ 19] 0x00002b18189d2b69 /share/apps/matlab/2016b/bin/glnxa64/libmwm_lxe.so+04885353
[ 20] 0x00002b18189d720d /share/apps/matlab/2016b/bin/glnxa64/libmwm_lxe.so+04903437
[ 21] 0x00002b18189d72e2 /share/apps/matlab/2016b/bin/glnxa64/libmwm_lxe.so+04903650
[ 22] 0x00002b1818ace688 /share/apps/matlab/2016b/bin/glnxa64/libmwm_lxe.so+05916296
[ 23] 0x00002b1818ad0b2f /share/apps/matlab/2016b/bin/glnxa64/libmwm_lxe.so+05925679
[ 24] 0x00002b1818f4f10e /share/apps/matlab/2016b/bin/glnxa64/libmwm_lxe.so+10637582
[ 25] 0x00002b1818f16eab /share/apps/matlab/2016b/bin/glnxa64/libmwm_lxe.so+10407595
[ 26] 0x00002b1818f16fb3 /share/apps/matlab/2016b/bin/glnxa64/libmwm_lxe.so+10407859
[ 27] 0x00002b1818f190d9 /share/apps/matlab/2016b/bin/glnxa64/libmwm_lxe.so+10416345
[ 28] 0x00002b1818f91bbe /share/apps/matlab/2016b/bin/glnxa64/libmwm_lxe.so+10910654
[ 29] 0x00002b1818f91f4a /share/apps/matlab/2016b/bin/glnxa64/libmwm_lxe.so+10911562
[ 30] 0x00002b18175df3db /share/apps/matlab/2016b/bin/glnxa64/libmwbridge.so+00189403
[ 31] 0x00002b18175e007d /share/apps/matlab/2016b/bin/glnxa64/libmwbridge.so+00192637 _Z8mnParserv+00000829
[ 32] 0x00002b18165bf243   /share/apps/matlab/2016b/bin/glnxa64/libmwmcr.so+00537155
[ 33] 0x00002b18165c11ce   /share/apps/matlab/2016b/bin/glnxa64/libmwmcr.so+00545230
[ 34] 0x00002b18165c1849   /share/apps/matlab/2016b/bin/glnxa64/libmwmcr.so+00546889 _ZN5boost6detail17task_shared_stateINS_3_bi6bind_tIvPFvRKNS_8functionIFvvEEEENS2_5list1INS2_5valueIS6_EEEEEEvE6do_runEv+00000025
[ 35] 0x00002b18165c0236   /share/apps/matlab/2016b/bin/glnxa64/libmwmcr.so+00541238
[ 36] 0x00002b1815e72b49   /share/apps/matlab/2016b/bin/glnxa64/libmwiqm.so+00863049
[ 37] 0x00002b1815e5f51c   /share/apps/matlab/2016b/bin/glnxa64/libmwiqm.so+00783644 _ZN5boost6detail8function21function_obj_invoker0ISt8functionIFNS_3anyEvEES4_E6invokeERNS1_15function_bufferE+00000028
[ 38] 0x00002b1815e5f1fc   /share/apps/matlab/2016b/bin/glnxa64/libmwiqm.so+00782844 _ZN3iqm18PackagedTaskPlugin7executeEP15inWorkSpace_tagRN5boost10shared_ptrIN14cmddistributor17IIPCompletedEventEEE+00000428
[ 39] 0x00002b1815e3ea0a   /share/apps/matlab/2016b/bin/glnxa64/libmwiqm.so+00649738
[ 40] 0x00002b1815e2a690   /share/apps/matlab/2016b/bin/glnxa64/libmwiqm.so+00566928
[ 41] 0x00002b1815e2d048   /share/apps/matlab/2016b/bin/glnxa64/libmwiqm.so+00577608
[ 42] 0x00002b17fff0f40a /share/apps/matlab/2016b/bin/glnxa64/libmwservices.so+02634762
[ 43] 0x00002b17fff109af /share/apps/matlab/2016b/bin/glnxa64/libmwservices.so+02640303
[ 44] 0x00002b17fff110e6 /share/apps/matlab/2016b/bin/glnxa64/libmwservices.so+02642150 _Z25svWS_ProcessPendingEventsiib+00000102
[ 45] 0x00002b18165bf8c6   /share/apps/matlab/2016b/bin/glnxa64/libmwmcr.so+00538822
[ 46] 0x00002b18165bfc42   /share/apps/matlab/2016b/bin/glnxa64/libmwmcr.so+00539714
[ 47] 0x00002b18165ad8d6   /share/apps/matlab/2016b/bin/glnxa64/libmwmcr.so+00465110
[ 48] 0x00002b180151ee25                             /lib64/libpthread.so.0+00032293
[ 49] 0x00002b1801831bad                                   /lib64/libc.so.6+01043373 clone+00000109
[ 50] 0x0000000000000000                                   <unknown-module>+00000000


This error was detected while a MEX-file was running. If the MEX-file
is not an official MathWorks function, please examine its source code
for errors. Please consult the External Interfaces Guide for information
on debugging MEX-files.

If this problem is reproducible, please submit a Service Request via:
    http://www.mathworks.com/support/contact_us/

A technical support engineer might contact you with further information.

Thank you for your help.** This crash report has been saved to disk as /home/nh1716/matlab_crash_dump.118298-1 **



MATLAB is exiting because of fatal error
/opt/slurm/data/slurmd/job2086391/slurm_script: line 31: 118297 Done                    cat  <<EOF
try
    UnitIsoCluster
catch err
    fprintf('\n\nTime: %s\n', datestr(datetime('now')));
    fprintf('Matlab error: %s\n', err.message);
    exit(1);
end
EOF

     118298 Killed                  | matlab -nodisplay
Job ends: Tue Jul  9 12:39:16 EDT 2019
